<?xml version="1.0" encoding="UTF-8"?>
<coverage generated="1667809561317" clover="3.2.0">
  <project timestamp="1667809561317" name="All files">
    <metrics statements="30" coveredstatements="24" conditionals="22" coveredconditionals="16" methods="5" coveredmethods="4" elements="57" coveredelements="44" complexity="0" loc="30" ncloc="30" packages="1" files="1" classes="1"/>
    <file name="day1.js" path="C:\Users\SZ-Agent\Documents\00JOHANNESCODES\Week2\music\sandboxJest\day1.js">
      <metrics statements="30" coveredstatements="24" conditionals="22" coveredconditionals="16" methods="5" coveredmethods="4"/>
      <line num="1" count="1" type="stmt"/>
      <line num="2" count="7" type="cond" truecount="4" falsecount="0"/>
      <line num="3" count="6" type="cond" truecount="2" falsecount="0"/>
      <line num="4" count="2" type="stmt"/>
      <line num="5" count="4" type="cond" truecount="2" falsecount="0"/>
      <line num="6" count="2" type="stmt"/>
      <line num="7" count="2" type="cond" truecount="1" falsecount="1"/>
      <line num="8" count="2" type="stmt"/>
      <line num="12" count="1" type="stmt"/>
      <line num="16" count="1" type="stmt"/>
      <line num="17" count="5" type="cond" truecount="2" falsecount="0"/>
      <line num="18" count="2" type="stmt"/>
      <line num="21" count="3" type="cond" truecount="2" falsecount="0"/>
      <line num="22" count="2" type="stmt"/>
      <line num="23" count="2" type="stmt"/>
      <line num="26" count="1" type="stmt"/>
      <line num="31" count="1" type="stmt"/>
      <line num="32" count="3" type="cond" truecount="1" falsecount="1"/>
      <line num="33" count="0" type="stmt"/>
      <line num="36" count="3" type="cond" truecount="2" falsecount="0"/>
      <line num="37" count="1" type="stmt"/>
      <line num="40" count="4" type="stmt"/>
      <line num="41" count="2" type="stmt"/>
      <line num="46" count="1" type="stmt"/>
      <line num="47" count="0" type="cond" truecount="0" falsecount="2"/>
      <line num="48" count="0" type="stmt"/>
      <line num="51" count="0" type="cond" truecount="0" falsecount="2"/>
      <line num="52" count="0" type="stmt"/>
      <line num="55" count="0" type="stmt"/>
      <line num="60" count="1" type="stmt"/>
    </file>
  </project>
</coverage>
