{"C:\\Users\\SZ-Agent\\Documents\\00JOHANNESCODES\\Week2\\music\\sandboxJest\\sandbox2.js": {"path":"C:\\Users\\SZ-Agent\\Documents\\00JOHANNESCODES\\Week2\\music\\sandboxJest\\sandbox2.js","statementMap":{"0":{"start":{"line":1,"column":14},"end":{"line":1,"column":30}},"1":{"start":{"line":3,"column":15},"end":{"line":12,"column":1}},"2":{"start":{"line":4,"column":4},"end":{"line":10,"column":5}},"3":{"start":{"line":4,"column":17},"end":{"line":4,"column":18}},"4":{"start":{"line":5,"column":8},"end":{"line":9,"column":9}},"5":{"start":{"line":5,"column":20},"end":{"line":5,"column":25}},"6":{"start":{"line":6,"column":12},"end":{"line":8,"column":13}},"7":{"start":{"line":7,"column":12},"end":{"line":7,"column":25}},"8":{"start":{"line":11,"column":4},"end":{"line":11,"column":11}},"9":{"start":{"line":14,"column":21},"end":{"line":23,"column":1}},"10":{"start":{"line":16,"column":4},"end":{"line":20,"column":5}},"11":{"start":{"line":17,"column":8},"end":{"line":17,"column":80}},"12":{"start":{"line":19,"column":8},"end":{"line":19,"column":53}},"13":{"start":{"line":21,"column":4},"end":{"line":21,"column":23}},"14":{"start":{"line":26,"column":30},"end":{"line":36,"column":1}},"15":{"start":{"line":27,"column":4},"end":{"line":35,"column":5}},"16":{"start":{"line":28,"column":8},"end":{"line":28,"column":41}},"17":{"start":{"line":29,"column":11},"end":{"line":35,"column":5}},"18":{"start":{"line":30,"column":22},"end":{"line":30,"column":49}},"19":{"start":{"line":31,"column":8},"end":{"line":31,"column":29}},"20":{"start":{"line":32,"column":8},"end":{"line":32,"column":19}},"21":{"start":{"line":34,"column":8},"end":{"line":34,"column":74}},"22":{"start":{"line":39,"column":23},"end":{"line":46,"column":1}},"23":{"start":{"line":40,"column":4},"end":{"line":45,"column":5}},"24":{"start":{"line":41,"column":8},"end":{"line":41,"column":59}},"25":{"start":{"line":43,"column":8},"end":{"line":43,"column":30}},"26":{"start":{"line":44,"column":8},"end":{"line":44,"column":18}},"27":{"start":{"line":49,"column":18},"end":{"line":55,"column":1}},"28":{"start":{"line":50,"column":4},"end":{"line":54,"column":5}},"29":{"start":{"line":51,"column":8},"end":{"line":51,"column":41}},"30":{"start":{"line":53,"column":8},"end":{"line":53,"column":25}},"31":{"start":{"line":58,"column":23},"end":{"line":64,"column":1}},"32":{"start":{"line":59,"column":4},"end":{"line":63,"column":5}},"33":{"start":{"line":60,"column":8},"end":{"line":60,"column":47}},"34":{"start":{"line":62,"column":8},"end":{"line":62,"column":53}},"35":{"start":{"line":62,"column":33},"end":{"line":62,"column":51}},"36":{"start":{"line":66,"column":0},"end":{"line":74,"column":1}}},"fnMap":{"0":{"name":"(anonymous_0)","decl":{"start":{"line":3,"column":15},"end":{"line":3,"column":16}},"loc":{"start":{"line":3,"column":33},"end":{"line":12,"column":1}},"line":3},"1":{"name":"(anonymous_1)","decl":{"start":{"line":14,"column":21},"end":{"line":14,"column":22}},"loc":{"start":{"line":14,"column":33},"end":{"line":23,"column":1}},"line":14},"2":{"name":"(anonymous_2)","decl":{"start":{"line":26,"column":30},"end":{"line":26,"column":31}},"loc":{"start":{"line":26,"column":55},"end":{"line":36,"column":1}},"line":26},"3":{"name":"(anonymous_3)","decl":{"start":{"line":39,"column":23},"end":{"line":39,"column":24}},"loc":{"start":{"line":39,"column":49},"end":{"line":46,"column":1}},"line":39},"4":{"name":"(anonymous_4)","decl":{"start":{"line":49,"column":18},"end":{"line":49,"column":19}},"loc":{"start":{"line":49,"column":27},"end":{"line":55,"column":1}},"line":49},"5":{"name":"(anonymous_5)","decl":{"start":{"line":58,"column":23},"end":{"line":58,"column":24}},"loc":{"start":{"line":58,"column":34},"end":{"line":64,"column":1}},"line":58},"6":{"name":"(anonymous_6)","decl":{"start":{"line":62,"column":25},"end":{"line":62,"column":26}},"loc":{"start":{"line":62,"column":33},"end":{"line":62,"column":51}},"line":62}},"branchMap":{"0":{"loc":{"start":{"line":6,"column":12},"end":{"line":8,"column":13}},"type":"if","locations":[{"start":{"line":6,"column":12},"end":{"line":8,"column":13}},{"start":{},"end":{}}],"line":6},"1":{"loc":{"start":{"line":27,"column":4},"end":{"line":35,"column":5}},"type":"if","locations":[{"start":{"line":27,"column":4},"end":{"line":35,"column":5}},{"start":{"line":29,"column":11},"end":{"line":35,"column":5}}],"line":27},"2":{"loc":{"start":{"line":29,"column":11},"end":{"line":35,"column":5}},"type":"if","locations":[{"start":{"line":29,"column":11},"end":{"line":35,"column":5}},{"start":{"line":33,"column":11},"end":{"line":35,"column":5}}],"line":29},"3":{"loc":{"start":{"line":40,"column":4},"end":{"line":45,"column":5}},"type":"if","locations":[{"start":{"line":40,"column":4},"end":{"line":45,"column":5}},{"start":{"line":42,"column":11},"end":{"line":45,"column":5}}],"line":40},"4":{"loc":{"start":{"line":40,"column":8},"end":{"line":40,"column":27}},"type":"binary-expr","locations":[{"start":{"line":40,"column":8},"end":{"line":40,"column":17}},{"start":{"line":40,"column":21},"end":{"line":40,"column":27}}],"line":40},"5":{"loc":{"start":{"line":50,"column":4},"end":{"line":54,"column":5}},"type":"if","locations":[{"start":{"line":50,"column":4},"end":{"line":54,"column":5}},{"start":{"line":52,"column":11},"end":{"line":54,"column":5}}],"line":50},"6":{"loc":{"start":{"line":59,"column":4},"end":{"line":63,"column":5}},"type":"if","locations":[{"start":{"line":59,"column":4},"end":{"line":63,"column":5}},{"start":{"line":61,"column":11},"end":{"line":63,"column":5}}],"line":59}},"s":{"0":1,"1":1,"2":3,"3":3,"4":8,"5":8,"6":9,"7":1,"8":2,"9":1,"10":4,"11":4,"12":0,"13":4,"14":1,"15":3,"16":1,"17":2,"18":1,"19":1,"20":1,"21":1,"22":1,"23":2,"24":1,"25":1,"26":1,"27":1,"28":2,"29":1,"30":1,"31":1,"32":2,"33":1,"34":1,"35":3,"36":1},"f":{"0":3,"1":4,"2":3,"3":2,"4":2,"5":2,"6":3},"b":{"0":[1,8],"1":[1,2],"2":[1,1],"3":[1,1],"4":[2,1],"5":[1,1],"6":[1,1]},"_coverageSchema":"1a1c01bbd47fc00a2c39e90264f33305004495a9","hash":"4fbb87683fe6f97a6ddebfaad1f9231f37fedd12"}
}
