{"C:\\Users\\SZ-Agent\\Documents\\00JOHANNESCODES\\Week2\\music\\sandboxJest\\day1.js": {"path":"C:\\Users\\SZ-Agent\\Documents\\00JOHANNESCODES\\Week2\\music\\sandboxJest\\day1.js","statementMap":{"0":{"start":{"line":1,"column":19},"end":{"line":14,"column":1}},"1":{"start":{"line":2,"column":4},"end":{"line":13,"column":5}},"2":{"start":{"line":3,"column":8},"end":{"line":9,"column":9}},"3":{"start":{"line":4,"column":8},"end":{"line":4,"column":38}},"4":{"start":{"line":5,"column":15},"end":{"line":9,"column":9}},"5":{"start":{"line":6,"column":8},"end":{"line":6,"column":26}},"6":{"start":{"line":7,"column":15},"end":{"line":9,"column":9}},"7":{"start":{"line":8,"column":8},"end":{"line":8,"column":26}},"8":{"start":{"line":12,"column":4},"end":{"line":12,"column":28}},"9":{"start":{"line":16,"column":19},"end":{"line":29,"column":1}},"10":{"start":{"line":17,"column":4},"end":{"line":28,"column":5}},"11":{"start":{"line":18,"column":4},"end":{"line":18,"column":16}},"12":{"start":{"line":21,"column":8},"end":{"line":27,"column":9}},"13":{"start":{"line":22,"column":30},"end":{"line":22,"column":46}},"14":{"start":{"line":23,"column":8},"end":{"line":23,"column":29}},"15":{"start":{"line":26,"column":8},"end":{"line":26,"column":41}},"16":{"start":{"line":31,"column":18},"end":{"line":44,"column":1}},"17":{"start":{"line":32,"column":4},"end":{"line":43,"column":5}},"18":{"start":{"line":33,"column":8},"end":{"line":33,"column":20}},"19":{"start":{"line":36,"column":8},"end":{"line":42,"column":9}},"20":{"start":{"line":37,"column":8},"end":{"line":37,"column":19}},"21":{"start":{"line":40,"column":26},"end":{"line":40,"column":49}},"22":{"start":{"line":40,"column":41},"end":{"line":40,"column":48}},"23":{"start":{"line":41,"column":8},"end":{"line":41,"column":25}},"24":{"start":{"line":46,"column":19},"end":{"line":58,"column":1}},"25":{"start":{"line":47,"column":4},"end":{"line":57,"column":5}},"26":{"start":{"line":48,"column":8},"end":{"line":48,"column":20}},"27":{"start":{"line":51,"column":8},"end":{"line":56,"column":9}},"28":{"start":{"line":52,"column":8},"end":{"line":52,"column":19}},"29":{"start":{"line":55,"column":8},"end":{"line":55,"column":60}},"30":{"start":{"line":60,"column":0},"end":{"line":65,"column":1}}},"fnMap":{"0":{"name":"(anonymous_0)","decl":{"start":{"line":1,"column":19},"end":{"line":1,"column":20}},"loc":{"start":{"line":1,"column":35},"end":{"line":14,"column":1}},"line":1},"1":{"name":"(anonymous_1)","decl":{"start":{"line":16,"column":19},"end":{"line":16,"column":20}},"loc":{"start":{"line":16,"column":28},"end":{"line":29,"column":1}},"line":16},"2":{"name":"(anonymous_2)","decl":{"start":{"line":31,"column":18},"end":{"line":31,"column":19}},"loc":{"start":{"line":31,"column":27},"end":{"line":44,"column":1}},"line":31},"3":{"name":"(anonymous_3)","decl":{"start":{"line":40,"column":34},"end":{"line":40,"column":35}},"loc":{"start":{"line":40,"column":41},"end":{"line":40,"column":48}},"line":40},"4":{"name":"(anonymous_4)","decl":{"start":{"line":46,"column":19},"end":{"line":46,"column":20}},"loc":{"start":{"line":46,"column":28},"end":{"line":58,"column":1}},"line":46}},"branchMap":{"0":{"loc":{"start":{"line":2,"column":4},"end":{"line":13,"column":5}},"type":"if","locations":[{"start":{"line":2,"column":4},"end":{"line":13,"column":5}},{"start":{"line":11,"column":9},"end":{"line":13,"column":5}}],"line":2},"1":{"loc":{"start":{"line":2,"column":8},"end":{"line":2,"column":20}},"type":"binary-expr","locations":[{"start":{"line":2,"column":8},"end":{"line":2,"column":12}},{"start":{"line":2,"column":16},"end":{"line":2,"column":20}}],"line":2},"2":{"loc":{"start":{"line":3,"column":8},"end":{"line":9,"column":9}},"type":"if","locations":[{"start":{"line":3,"column":8},"end":{"line":9,"column":9}},{"start":{"line":5,"column":15},"end":{"line":9,"column":9}}],"line":3},"3":{"loc":{"start":{"line":5,"column":15},"end":{"line":9,"column":9}},"type":"if","locations":[{"start":{"line":5,"column":15},"end":{"line":9,"column":9}},{"start":{"line":7,"column":15},"end":{"line":9,"column":9}}],"line":5},"4":{"loc":{"start":{"line":7,"column":15},"end":{"line":9,"column":9}},"type":"if","locations":[{"start":{"line":7,"column":15},"end":{"line":9,"column":9}},{"start":{},"end":{}}],"line":7},"5":{"loc":{"start":{"line":17,"column":4},"end":{"line":28,"column":5}},"type":"if","locations":[{"start":{"line":17,"column":4},"end":{"line":28,"column":5}},{"start":{"line":20,"column":9},"end":{"line":28,"column":5}}],"line":17},"6":{"loc":{"start":{"line":21,"column":8},"end":{"line":27,"column":9}},"type":"if","locations":[{"start":{"line":21,"column":8},"end":{"line":27,"column":9}},{"start":{"line":25,"column":13},"end":{"line":27,"column":9}}],"line":21},"7":{"loc":{"start":{"line":32,"column":4},"end":{"line":43,"column":5}},"type":"if","locations":[{"start":{"line":32,"column":4},"end":{"line":43,"column":5}},{"start":{"line":35,"column":9},"end":{"line":43,"column":5}}],"line":32},"8":{"loc":{"start":{"line":36,"column":8},"end":{"line":42,"column":9}},"type":"if","locations":[{"start":{"line":36,"column":8},"end":{"line":42,"column":9}},{"start":{"line":39,"column":13},"end":{"line":42,"column":9}}],"line":36},"9":{"loc":{"start":{"line":47,"column":4},"end":{"line":57,"column":5}},"type":"if","locations":[{"start":{"line":47,"column":4},"end":{"line":57,"column":5}},{"start":{"line":50,"column":9},"end":{"line":57,"column":5}}],"line":47},"10":{"loc":{"start":{"line":51,"column":8},"end":{"line":56,"column":9}},"type":"if","locations":[{"start":{"line":51,"column":8},"end":{"line":56,"column":9}},{"start":{"line":54,"column":13},"end":{"line":56,"column":9}}],"line":51}},"s":{"0":1,"1":7,"2":6,"3":2,"4":4,"5":2,"6":2,"7":2,"8":1,"9":1,"10":5,"11":2,"12":3,"13":2,"14":2,"15":1,"16":1,"17":3,"18":0,"19":3,"20":1,"21":2,"22":4,"23":2,"24":1,"25":0,"26":0,"27":0,"28":0,"29":0,"30":1},"f":{"0":7,"1":5,"2":3,"3":4,"4":0},"b":{"0":[6,1],"1":[7,7],"2":[2,4],"3":[2,2],"4":[2,0],"5":[2,3],"6":[2,1],"7":[0,3],"8":[1,2],"9":[0,0],"10":[0,0]},"_coverageSchema":"1a1c01bbd47fc00a2c39e90264f33305004495a9","hash":"f66eec9e7b9de63c936d27a126d3d69d6f282576"}
}
