TN:
SF:sandboxJest\day1.js
FN:1,(anonymous_0)
FN:16,(anonymous_1)
FN:31,(anonymous_2)
FN:40,(anonymous_3)
FN:46,(anonymous_4)
FNF:5
FNH:4
FNDA:7,(anonymous_0)
FNDA:5,(anonymous_1)
FNDA:3,(anonymous_2)
FNDA:4,(anonymous_3)
FNDA:0,(anonymous_4)
DA:1,1
DA:2,7
DA:3,6
DA:4,2
DA:5,4
DA:6,2
DA:7,2
DA:8,2
DA:12,1
DA:16,1
DA:17,5
DA:18,2
DA:21,3
DA:22,2
DA:23,2
DA:26,1
DA:31,1
DA:32,3
DA:33,0
DA:36,3
DA:37,1
DA:40,4
DA:41,2
DA:46,1
DA:47,0
DA:48,0
DA:51,0
DA:52,0
DA:55,0
DA:60,1
LF:30
LH:24
BRDA:2,0,0,6
BRDA:2,0,1,1
BRDA:2,1,0,7
BRDA:2,1,1,7
BRDA:3,2,0,2
BRDA:3,2,1,4
BRDA:5,3,0,2
BRDA:5,3,1,2
BRDA:7,4,0,2
BRDA:7,4,1,0
BRDA:17,5,0,2
BRDA:17,5,1,3
BRDA:21,6,0,2
BRDA:21,6,1,1
BRDA:32,7,0,0
BRDA:32,7,1,3
BRDA:36,8,0,1
BRDA:36,8,1,2
BRDA:47,9,0,0
BRDA:47,9,1,0
BRDA:51,10,0,0
BRDA:51,10,1,0
BRF:22
BRH:16
end_of_record
