TN:
SF:sandboxJest\day1.js
FN:1,(anonymous_0)
FN:16,(anonymous_1)
FN:31,(anonymous_2)
FN:40,(anonymous_3)
FN:46,(anonymous_4)
FNF:5
FNH:4
FNDA:7,(anonymous_0)
FNDA:5,(anonymous_1)
FNDA:3,(anonymous_2)
FNDA:4,(anonymous_3)
FNDA:0,(anonymous_4)
DA:1,1
DA:2,7
DA:3,6
DA:4,2
DA:5,4
DA:6,2
DA:7,2
DA:8,2
DA:12,1
DA:16,1
DA:17,5
DA:18,2
DA:21,3
DA:22,2
DA:23,2
DA:26,1
DA:31,1
DA:32,3
DA:33,0
DA:36,3
DA:37,1
DA:40,4
DA:41,2
DA:46,1
DA:47,0
DA:48,0
DA:51,0
DA:52,0
DA:55,0
DA:60,1
LF:30
LH:24
BRDA:2,0,0,6
BRDA:2,0,1,1
BRDA:2,1,0,7
BRDA:2,1,1,7
BRDA:3,2,0,2
BRDA:3,2,1,4
BRDA:5,3,0,2
BRDA:5,3,1,2
BRDA:7,4,0,2
BRDA:7,4,1,0
BRDA:17,5,0,2
BRDA:17,5,1,3
BRDA:21,6,0,2
BRDA:21,6,1,1
BRDA:32,7,0,0
BRDA:32,7,1,3
BRDA:36,8,0,1
BRDA:36,8,1,2
BRDA:47,9,0,0
BRDA:47,9,1,0
BRDA:51,10,0,0
BRDA:51,10,1,0
BRF:22
BRH:16
end_of_record
TN:
SF:sandboxJest\sandbox2.js
FN:3,(anonymous_0)
FN:14,(anonymous_1)
FN:26,(anonymous_2)
FN:39,(anonymous_3)
FN:49,(anonymous_4)
FN:58,(anonymous_5)
FN:62,(anonymous_6)
FNF:7
FNH:7
FNDA:3,(anonymous_0)
FNDA:4,(anonymous_1)
FNDA:3,(anonymous_2)
FNDA:2,(anonymous_3)
FNDA:2,(anonymous_4)
FNDA:2,(anonymous_5)
FNDA:4,(anonymous_6)
DA:1,1
DA:3,1
DA:4,3
DA:5,8
DA:6,9
DA:7,1
DA:11,2
DA:14,1
DA:16,4
DA:17,4
DA:19,0
DA:21,4
DA:26,1
DA:27,3
DA:28,1
DA:29,2
DA:30,1
DA:31,1
DA:32,1
DA:34,1
DA:39,1
DA:40,2
DA:41,1
DA:43,1
DA:44,1
DA:49,1
DA:50,2
DA:51,1
DA:53,1
DA:58,1
DA:59,2
DA:60,0
DA:62,4
DA:66,1
LF:34
LH:32
BRDA:6,0,0,1
BRDA:6,0,1,8
BRDA:27,1,0,1
BRDA:27,1,1,2
BRDA:29,2,0,1
BRDA:29,2,1,1
BRDA:40,3,0,1
BRDA:40,3,1,1
BRDA:40,4,0,2
BRDA:40,4,1,1
BRDA:50,5,0,1
BRDA:50,5,1,1
BRDA:59,6,0,0
BRDA:59,6,1,2
BRF:14
BRH:13
end_of_record
